<?xml version="1.0" encoding="UTF-8"?>
<testsuite xmlns:xsi="http://www.w3.org/2001/XMLSchema-instance" xsi:noNamespaceSchemaLocation="https://maven.apache.org/surefire/maven-surefire-plugin/xsd/surefire-test-report-3.0.xsd" version="3.0" name="com.pcbuilder.controller.AuthControllerTest" time="6.696" tests="2" errors="0" skipped="0" failures="0">
  <properties>
[...]
</properties>
  <testcase name="testLoginUser" classname="com.pcbuilder.controller.AuthControllerTest" time="0.264">
    <system-out><![CDATA[21:10:11.635 [main] INFO org.springframework.test.context.support.AnnotationConfigContextLoaderUtils -- Could not detect default configuration classes for test class [com.pcbuilder.controller.AuthControllerTest]: AuthControllerTest does not declare any static, non-private, non-final, nested classes annotated with @Configuration.
21:10:11.790 [main] INFO org.springframework.boot.test.context.SpringBootTestContextBootstrapper -- Found @SpringBootConfiguration com.pcbuilder.PcBuilderApplication for test class com.pcbuilder.controller.AuthControllerTest

  .   ____          _            __ _ _
 /\\ / ___'_ __ _ _(_)_ __  __ _ \ \ \ \
( ( )\___ | '_ | '_| | '_ \/ _` | \ \ \ \
 \\/  ___)| |_)| | | | | || (_| |  ) ) ) )
  '  |____| .__|_| |_|_| |_\__, | / / / /
 =========|_|==============|___/=/_/_/_/
 :: Spring Boot ::                (v3.2.0)

2025-04-14T21:10:12.290+05:30  INFO 25764 --- [           main] c.p.controller.AuthControllerTest        : Starting AuthControllerTest using Java 21 with PID 25764 (started by Technical Clipper in C:\Users\Technical Clipper\Desktop\devops\backend)
2025-04-14T21:10:12.292+05:30  INFO 25764 --- [           main] c.p.controller.AuthControllerTest        : No active profile set, falling back to 1 default profile: "default"
2025-04-14T21:10:13.243+05:30  INFO 25764 --- [           main] .s.d.r.c.RepositoryConfigurationDelegate : Bootstrapping Spring Data JPA repositories in DEFAULT mode.
2025-04-14T21:10:13.311+05:30  INFO 25764 --- [           main] .s.d.r.c.RepositoryConfigurationDelegate : Finished Spring Data repository scanning in 58 ms. Found 1 JPA repository interface.
2025-04-14T21:10:14.364+05:30  INFO 25764 --- [           main] o.hibernate.jpa.internal.util.LogHelper  : HHH000204: Processing PersistenceUnitInfo [name: default]
2025-04-14T21:10:14.563+05:30  INFO 25764 --- [           main] org.hibernate.Version                    : HHH000412: Hibernate ORM core version 6.3.1.Final
2025-04-14T21:10:14.653+05:30  INFO 25764 --- [           main] o.h.c.internal.RegionFactoryInitiator    : HHH000026: Second-level cache disabled
2025-04-14T21:10:14.907+05:30  INFO 25764 --- [           main] o.s.o.j.p.SpringPersistenceUnitInfo      : No LoadTimeWeaver setup: ignoring JPA class transformer
2025-04-14T21:10:14.958+05:30  INFO 25764 --- [           main] com.zaxxer.hikari.HikariDataSource       : HikariPool-1 - Starting...
2025-04-14T21:10:15.233+05:30  INFO 25764 --- [           main] com.zaxxer.hikari.pool.HikariPool        : HikariPool-1 - Added connection conn0: url=jdbc:h2:mem:testdb user=SA
2025-04-14T21:10:15.235+05:30  INFO 25764 --- [           main] com.zaxxer.hikari.HikariDataSource       : HikariPool-1 - Start completed.
2025-04-14T21:10:15.266+05:30  WARN 25764 --- [           main] org.hibernate.orm.deprecation            : HHH90000025: H2Dialect does not need to be specified explicitly using 'hibernate.dialect' (remove the property setting and it will be selected by default)
2025-04-14T21:10:16.137+05:30  INFO 25764 --- [           main] o.h.e.t.j.p.i.JtaPlatformInitiator       : HHH000489: No JTA platform available (set 'hibernate.transaction.jta.platform' to enable JTA platform integration)
Hibernate: create table users (id bigint generated by default as identity, created_at timestamp(6), email varchar(255) not null, first_name varchar(255), last_name varchar(255), password varchar(255) not null, username varchar(255) not null, primary key (id))
Hibernate: alter table if exists users drop constraint if exists UK_6dotkott2kjsp8vw4d0m25fb7
Hibernate: alter table if exists users add constraint UK_6dotkott2kjsp8vw4d0m25fb7 unique (email)
Hibernate: alter table if exists users drop constraint if exists UK_r43af9ap4edm43mmtq01oddj6
Hibernate: alter table if exists users add constraint UK_r43af9ap4edm43mmtq01oddj6 unique (username)
2025-04-14T21:10:16.208+05:30  INFO 25764 --- [           main] j.LocalContainerEntityManagerFactoryBean : Initialized JPA EntityManagerFactory for persistence unit 'default'
2025-04-14T21:10:16.388+05:30  WARN 25764 --- [           main] JpaBaseConfiguration$JpaWebConfiguration : spring.jpa.open-in-view is enabled by default. Therefore, database queries may be performed during view rendering. Explicitly configure spring.jpa.open-in-view to disable this warning
2025-04-14T21:10:17.057+05:30  INFO 25764 --- [           main] o.s.s.web.DefaultSecurityFilterChain     : Will secure any request with [org.springframework.security.web.session.DisableEncodeUrlFilter@776b7fa2, org.springframework.security.web.context.request.async.WebAsyncManagerIntegrationFilter@3f7aa4f8, org.springframework.security.web.context.SecurityContextHolderFilter@58e2af93, org.springframework.security.web.header.HeaderWriterFilter@6b3708f0, org.springframework.security.web.authentication.logout.LogoutFilter@14ecd835, com.pcbuilder.security.jwt.AuthTokenFilter@63be4548, org.springframework.security.web.savedrequest.RequestCacheAwareFilter@2e10f765, org.springframework.security.web.servletapi.SecurityContextHolderAwareRequestFilter@100d071, org.springframework.security.web.authentication.AnonymousAuthenticationFilter@6d76aa05, org.springframework.security.web.session.SessionManagementFilter@4667c6d9, org.springframework.security.web.access.ExceptionTranslationFilter@9bd477c, org.springframework.security.web.access.intercept.AuthorizationFilter@51a06fd5]
2025-04-14T21:10:17.681+05:30  INFO 25764 --- [           main] o.s.b.a.h2.H2ConsoleAutoConfiguration    : H2 console available at '/h2-console'. Database available at 'jdbc:h2:mem:testdb'
2025-04-14T21:10:17.811+05:30  INFO 25764 --- [           main] o.s.b.t.m.w.SpringBootMockServletContext : Initializing Spring TestDispatcherServlet ''
2025-04-14T21:10:17.811+05:30  INFO 25764 --- [           main] o.s.t.web.servlet.TestDispatcherServlet  : Initializing Servlet ''
2025-04-14T21:10:17.813+05:30  INFO 25764 --- [           main] o.s.t.web.servlet.TestDispatcherServlet  : Completed initialization in 2 ms
2025-04-14T21:10:17.855+05:30  INFO 25764 --- [           main] c.p.controller.AuthControllerTest        : Started AuthControllerTest in 5.902 seconds (process running for 9.159)
2025-04-14T21:10:17.950+05:30 DEBUG 25764 --- [           main] o.s.security.web.FilterChainProxy        : Securing POST /api/auth/signin
2025-04-14T21:10:17.957+05:30 DEBUG 25764 --- [           main] o.s.s.w.a.AnonymousAuthenticationFilter  : Set SecurityContextHolder to anonymous SecurityContext
2025-04-14T21:10:17.958+05:30 DEBUG 25764 --- [           main] o.s.security.web.FilterChainProxy        : Secured POST /api/auth/signin
]]></system-out>
  </testcase>
  <testcase name="testRegisterUser" classname="com.pcbuilder.controller.AuthControllerTest" time="0.043">
    <system-out><![CDATA[2025-04-14T21:10:18.163+05:30 DEBUG 25764 --- [           main] o.s.security.web.FilterChainProxy        : Securing POST /api/auth/signup
2025-04-14T21:10:18.163+05:30 DEBUG 25764 --- [           main] o.s.s.w.a.AnonymousAuthenticationFilter  : Set SecurityContextHolder to anonymous SecurityContext
2025-04-14T21:10:18.163+05:30 DEBUG 25764 --- [           main] o.s.security.web.FilterChainProxy        : Secured POST /api/auth/signup
]]></system-out>
  </testcase>
</testsuite>